-----------
Initializing structure...
Working in 2D dimensions.
Computational cell is 16 x 32 x 0 with resolution 10
     block, center = (-2,-11.5,0)
          size (12,1,1e+20)
          axes (1,0,0), (0,1,0), (0,0,1)
          dielectric constant epsilon diagonal = (12,12,12)
     block, center = (3.5,2,0)
          size (1,28,1e+20)
          axes (1,0,0), (0,1,0), (0,0,1)
          dielectric constant epsilon diagonal = (12,12,12)
time for set_epsilon = 0.457257 s
-----------
creating output file "./1-field-eps-000000.00.h5"...
Meep progress: 103.6/600.0 = 17.3% done in 4.0s, 19.2s to go
on time step 2079 (time=103.95), 0.00192436 s/step
Meep progress: 233.4/600.0 = 38.9% done in 8.0s, 12.6s to go
on time step 4674 (time=233.7), 0.00154452 s/step
Meep progress: 362.7/600.0 = 60.5% done in 12.0s, 7.9s to go
on time step 7266 (time=363.3), 0.00154811 s/step
Meep progress: 466.8/600.0 = 77.8% done in 16.0s, 4.6s to go
on time step 9351 (time=467.55), 0.00192217 s/step
Meep progress: 561.65/600.0 = 93.6% done in 20.0s, 1.4s to go
on time step 11255 (time=562.75), 0.0021034 s/step
run 0 finished at t = 600.0 (12000 timesteps)
flux1:, 0.1, 1.84691366839415e-5, -7.22569763928568e-6
flux1:, 0.101010101010101, 2.77455582950182e-5, -1.10647709231618e-5
flux1:, 0.102020202020202, 4.11780720824484e-5, -1.6796983450536e-5
flux1:, 0.103030303030303, 6.04675272759029e-5, -2.527291299582e-5
flux1:, 0.104040404040404, 8.8017124352375e-5, -3.77004098942079e-5
flux1:, 0.105050505050505, 1.27209199745676e-4, -5.5786353266111e-5
flux1:, 0.106060606060606, 1.8272279828843e-4, -8.1895991868656e-5
flux1:, 0.107070707070707, 2.60808884252466e-4, -1.19228635086888e-4
flux1:, 0.108080808080808, 3.69406293952045e-4, -1.72063354310824e-4
flux1:, 0.109090909090909, 5.1808162359036e-4, -2.46149340630725e-4
flux1:, 0.11010101010101, 7.180327054942e-4, -3.49222876437992e-4
flux1:, 0.111111111111111, 9.82588269479659e-4, -4.91497886909326e-4
flux1:, 0.112121212121212, 0.00132843356942602, -6.86038989498793e-4
flux1:, 0.113131313131313, 0.00177727290329785, -9.49251028748226e-4
flux1:, 0.114141414141414, 0.00235738132842426, -0.00130189492186653
flux1:, 0.115151515151515, 0.00310471801400986, -0.00177056863611932
flux1:, 0.116161616161616, 0.00406331171058572, -0.00238882135452878
flux1:, 0.117171717171717, 0.00528395727182391, -0.003197222894289
flux1:, 0.118181818181818, 0.00681997945652194, -0.00424323524374579
flux1:, 0.119191919191919, 0.00872097071963569, -0.0055827331136162
flux1:, 0.12020202020202, 0.0110295353475887, -0.0072832210539989
flux1:, 0.121212121212121, 0.0137869602919414, -0.00942548173221548
flux1:, 0.122222222222222, 0.0170465887603068, -0.0121005669086594
flux1:, 0.123232323232323, 0.0208840061498319, -0.0154047152654687
flux1:, 0.124242424242424, 0.025393728441043, -0.0194391069268267
flux1:, 0.125252525252525, 0.0306740677767841, -0.0243159546874603
flux1:, 0.126262626262626, 0.0368097742989767, -0.0301612313731168
flux1:, 0.127272727272727, 0.0438552426931621, -0.0371035558495748
flux1:, 0.128282828282828, 0.0518125589973139, -0.0452551120705511
flux1:, 0.129292929292929, 0.0606108388867277, -0.0547045793946746
flux1:, 0.13030303030303, 0.070117779210782, -0.0655294608096902
flux1:, 0.131313131313131, 0.0802056148558321, -0.0778057944403355
flux1:, 0.132323232323233, 0.0908339431416441, -0.0915877319191466
flux1:, 0.133333333333334, 0.102068251177671, -0.106866257959146
flux1:, 0.134343434343435, 0.114001956093244, -0.123552305270284
flux1:, 0.135353535353536, 0.126646190374582, -0.141507862102101
flux1:, 0.136363636363637, 0.139874704729005, -0.160586114832792
flux1:, 0.137373737373738, 0.153434049640518, -0.18062068661598
flux1:, 0.138383838383839, 0.166961824807741, -0.201367607039611
flux1:, 0.13939393939394, 0.180002051884238, -0.222477133791775
flux1:, 0.140404040404041, 0.192093613239332, -0.2435483470786
flux1:, 0.141414141414142, 0.202961160659545, -0.26421419740011
flux1:, 0.142424242424243, 0.21266740358241, -0.284154351364943
flux1:, 0.143434343434344, 0.221542682717524, -0.303019375716399
flux1:, 0.144444444444445, 0.229919915214556, -0.32037405901717
flux1:, 0.145454545454546, 0.237917109725583, -0.335757429357635
flux1:, 0.146464646464647, 0.24544333852369, -0.348810426081896
flux1:, 0.147474747474748, 0.252347390395201, -0.359325242370803
flux1:, 0.148484848484849, 0.258509888316489, -0.367162096762401
flux1:, 0.14949494949495, 0.263835383002164, -0.372154184504358
flux1:, 0.150505050505051, 0.26827259589636, -0.374139863289412
flux1:, 0.151515151515152, 0.271899528658949, -0.373090038111159
flux1:, 0.152525252525253, 0.274907803694225, -0.369161988184719
flux1:, 0.153535353535354, 0.277375508488647, -0.362598901556029
flux1:, 0.154545454545455, 0.279010090943931, -0.353597968909682
flux1:, 0.155555555555556, 0.279156020470227, -0.342308552528994
flux1:, 0.156565656565657, 0.277126083598398, -0.328944832176448
flux1:, 0.157575757575758, 0.272615648299541, -0.313846541164167
flux1:, 0.158585858585859, 0.265913257774078, -0.297399108687244
flux1:, 0.15959595959596, 0.257826970482408, -0.279917870400924
flux1:, 0.160606060606061, 0.249429444160339, -0.261641591821832
flux1:, 0.161616161616162, 0.241716569674049, -0.242822007581706
flux1:, 0.162626262626263, 0.235220849999575, -0.223772458662366
flux1:, 0.163636363636364, 0.229696858554488, -0.204810798055994
flux1:, 0.164646464646465, 0.22408754761953, -0.186181910876028
flux1:, 0.165656565656566, 0.216873984596265, -0.168058152224448
flux1:, 0.166666666666667, 0.206670839357156, -0.15059555120473
flux1:, 0.167676767676768, 0.19278727111, -0.133956479462972
flux1:, 0.168686868686869, 0.175506936369399, -0.118276485630182
flux1:, 0.16969696969697, 0.155985916867311, -0.103636523439569
flux1:, 0.170707070707071, 0.135844570423736, -0.0900814638783969
flux1:, 0.171717171717172, 0.116651561766788, -0.0776516735551724
flux1:, 0.172727272727273, 0.0995035627182864, -0.0663822124996772
flux1:, 0.173737373737374, 0.0848280394323568, -0.0562786204649314
flux1:, 0.174747474747475, 0.0724454537793816, -0.0473093850045571
flux1:, 0.175757575757576, 0.0618304676102987, -0.0394237192914052
flux1:, 0.176767676767677, 0.0524304571805122, -0.0325670498332426
flux1:, 0.177777777777778, 0.0438929615798636, -0.0266769819722119
flux1:, 0.178787878787879, 0.0361267966001468, -0.0216737470838544
flux1:, 0.17979797979798, 0.0292182174045655, -0.0174637693220329
flux1:, 0.180808080808081, 0.023288816762852, -0.0139530127186983
flux1:, 0.181818181818182, 0.0183856802957997, -0.0110548277553986
flux1:, 0.182828282828283, 0.0144459168934369, -0.0086880660843906
flux1:, 0.183838383838384, 0.0113239083578928, -0.00677409792104252
flux1:, 0.184848484848485, 0.00884568775341443, -0.0052390786918859
flux1:, 0.185858585858586, 0.00685757287061359, -0.00401815981756199
flux1:, 0.186868686868687, 0.00525047475314016, -0.00305634895335342
flux1:, 0.187878787878788, 0.00395796021666297, -0.00230632292319141
flux1:, 0.188888888888889, 0.00293848047486691, -0.00172677395303625
flux1:, 0.18989898989899, 0.00215640741150923, -0.00128252915271746
flux1:, 0.190909090909091, 0.00157228679659844, -9.44812484652078e-4
flux1:, 0.191919191919192, 0.00114358142357781, -6.90458572269076e-4
flux1:, 0.192929292929294, 8.30406066716494e-4, -5.00678083644666e-4
flux1:, 0.193939393939395, 6.00386766192738e-4, -3.60254105838038e-4
flux1:, 0.194949494949496, 4.30162138180757e-4, -2.57148929693466e-4
flux1:, 0.195959595959597, 3.04059592846642e-4, -1.8206769761451e-4
flux1:, 0.196969696969698, 2.11590270651095e-4, -1.27881575433367e-4
flux1:, 0.197979797979799, 1.4513936516124e-4, -8.91165706462294e-5
flux1:, 0.1989898989899, 9.85318865522246e-5, -6.16083451786227e-5
flux1:, 0.200000000000001, 6.65154176454161e-5, -4.22458631791212e-5

Elapsed run time = 22.362 s
