command-line param: no-bend?=true
-----------
Initializing structure...
Working in 2D dimensions.
Computational cell is 16 x 32 x 0 with resolution 10
     block, center = (0,-11.5,0)
          size (1e+20,1,1e+20)
          axes (1,0,0), (0,1,0), (0,0,1)
          dielectric constant epsilon diagonal = (12,12,12)
time for set_epsilon = 0.432662 s
-----------
creating output file "./1-field-eps-000000.00.h5"...
Meep progress: 185.95/600.0 = 31.0% done in 4.0s, 8.9s to go
on time step 3735 (time=186.75), 0.0010711 s/step
Meep progress: 368.45/600.0 = 61.4% done in 8.0s, 5.0s to go
on time step 7379 (time=368.95), 0.00109892 s/step
Meep progress: 518.4/600.0 = 86.4% done in 12.0s, 1.9s to go
on time step 10388 (time=519.4), 0.00132997 s/step
run 0 finished at t = 600.0 (12000 timesteps)
creating output file "./1-field-refl-flux.h5"...
flux1:, 0.1, 3.65233228474195e-5, 3.6893249149944e-5
flux1:, 0.101010101010101, 5.55607062603619e-5, 5.60655404778062e-5
flux1:, 0.102020202020202, 8.38209780373939e-5, 8.44909851011897e-5
flux1:, 0.103030303030303, 1.25410724913295e-4, 1.26268639197159e-4
flux1:, 0.104040404040404, 1.86088555480314e-4, 1.87135302497121e-4
flux1:, 0.105050505050505, 2.7384842982468e-4, 2.75039135245761e-4
flux1:, 0.106060606060606, 3.99674047229318e-4, 4.00880271366403e-4
flux1:, 0.107070707070707, 5.78500212313718e-4, 5.79454087136091e-4
flux1:, 0.108080808080808, 8.30419751305831e-4, 8.30635409324373e-4
flux1:, 0.109090909090909, 0.00118217435756223, 0.00118084270770416
flux1:, 0.11010101010101, 0.00166896570107079, 0.00166481944457354
flux1:, 0.111111111111111, 0.00233661580658303, 0.00232776317784507
flux1:, 0.112121212121212, 0.00324409518116635, 0.0032278225863036
flux1:, 0.113131313131313, 0.00446641857632665, 0.00443896468856275
flux1:, 0.114141414141414, 0.00609788574346477, 0.00605419228523212
flux1:, 0.115151515151515, 0.00825561151684892, 0.00818906047269844
flux1:, 0.116161616161616, 0.011083253506819, 0.0109854048705137
flux1:, 0.117171717171717, 0.0147547979723067, 0.0146151488304092
flux1:, 0.118181818181818, 0.0194782173997766, 0.019284004210109
flux1:, 0.119191919191919, 0.0254987555960733, 0.0252348211855975
flux1:, 0.12020202020202, 0.0331015465881493, 0.0327502765284144
flux1:, 0.121212121212121, 0.0426132171987361, 0.0421545302571816
flux1:, 0.122222222222222, 0.0544020869229997, 0.0538134263053618
flux1:, 0.123232323232323, 0.068876542104596, 0.0681327900399283
flux1:, 0.124242424242424, 0.0864811609954999, 0.0855543777940209
flux1:, 0.125252525252525, 0.107690173508477, 0.106549083404335
flux1:, 0.126262626262626, 0.132997901068, 0.131607087156267
flux1:, 0.127272727272727, 0.162905897812988, 0.161224745795303
flux1:, 0.128282828282828, 0.197906661055324, 0.195888157994091
flux1:, 0.129292929292929, 0.238463939983206, 0.236053488473722
flux1:, 0.13030303030303, 0.284989911605186, 0.282124324397064
flux1:, 0.131313131313131, 0.337819733134479, 0.334426555045146
flux1:, 0.132323232323233, 0.397184289466715, 0.393181562244777
flux1:, 0.133333333333334, 0.463182226361062, 0.45847882765091
flux1:, 0.134343434343435, 0.53575266662749, 0.530249409667674
flux1:, 0.135353535353536, 0.614650213663438, 0.608242003687278
flux1:, 0.136363636363637, 0.699424035713349, 0.692003427203159
flux1:, 0.137373737373738, 0.789402843859693, 0.780865302100397
flux1:, 0.138383838383839, 0.883687531781575, 0.873938431116482
flux1:, 0.13939393939394, 0.981152983624603, 0.970115981512887
flux1:, 0.140404040404041, 1.08046021843643, 1.06808612849111
flux1:, 0.141414141414142, 1.18007948540493, 1.16635443371502
flux1:, 0.142424242424243, 1.27832433433237, 1.26327586480121
flux1:, 0.143434343434344, 1.37339593839538, 1.35709604211433
flux1:, 0.144444444444445, 1.46343625806365, 1.4460008485722
flux1:, 0.145454545454546, 1.54658790026843, 1.52817295188218
flux1:, 0.146464646464647, 1.62105798048247, 1.6018530541456
flux1:, 0.147474747474748, 1.68518282952089, 1.66540292766173
flux1:, 0.148484848484849, 1.73749021813373, 1.71736677185023
flux1:, 0.14949494949495, 1.77675576139261, 1.75652723977953
flux1:, 0.150505050505051, 1.80205047408817, 1.78195283408957
flux1:, 0.151515151515152, 1.81277689615462, 1.79303405494168
flux1:, 0.152525252525253, 1.80869189963308, 1.78950663716218
flux1:, 0.153535353535354, 1.78991502758591, 1.77146108398122
flux1:, 0.154545454545455, 1.75692207514246, 1.73933842695963
flux1:, 0.155555555555556, 1.71052442249345, 1.69391263895421
flux1:, 0.156565656565657, 1.65183542844855, 1.6362605082957
flux1:, 0.157575757575758, 1.58222584207532, 1.56772023498832
flux1:, 0.158585858585859, 1.50327073555224, 1.48984053591379
flux1:, 0.15959595959596, 1.41669079615809, 1.40432273066849
flux1:, 0.160606060606061, 1.32429098369262, 1.31295883671442
flux1:, 0.161616161616162, 1.22789951216849, 1.21756908318474
flux1:, 0.162626262626263, 1.12930990495359, 1.1199421952701
flux1:, 0.163636363636364, 1.0302285098184, 1.02178138982896
flux1:, 0.164646464646465, 0.932229395106593, 0.924658305621241
flux1:, 0.165656565656566, 0.836718022929274, 0.82997626515152
flux1:, 0.166666666666667, 0.744904534215296, 0.738943520767921
flux1:, 0.167676767676768, 0.657786938215864, 0.652556511596634
flux1:, 0.168686868686869, 0.576143969986919, 0.571592744150822
flux1:, 0.16969696969697, 0.500536928942443, 0.496612555094828
flux1:, 0.170707070707071, 0.431319413330412, 0.427968760342514
flux1:, 0.171717171717172, 0.368653593244054, 0.36582291791962
flux1:, 0.172727272727273, 0.312531470376699, 0.310166720346585
flux1:, 0.173737373737374, 0.26279952400135, 0.260846882309295
flux1:, 0.174747474747475, 0.219185164601599, 0.217591862953668
flux1:, 0.175757575757576, 0.181323563285542, 0.180038881776972
flux1:, 0.176767676767677, 0.148783603341045, 0.147759903610935
flux1:, 0.177777777777778, 0.12109195772291, 0.12028558005451
flux1:, 0.178787878787879, 0.0977545386513474, 0.0971264363224731
flux1:, 0.17979797979798, 0.078274842829654, 0.0777908955146492
flux1:, 0.180808080808081, 0.0621689434663284, 0.061799966510719
flux1:, 0.181818181818182, 0.0489771116167645, 0.0486986209982017
flux1:, 0.182828282828283, 0.0382722124648461, 0.0380640302063858
flux1:, 0.183838383838384, 0.0296651718344634, 0.0295109428896116
flux1:, 0.184848484848485, 0.022807886678236, 0.022694567861529
flux1:, 0.185858585858586, 0.0173940155359609, 0.0173113687182082
flux1:, 0.186868686868687, 0.0131580870510305, 0.0130982019855451
flux1:, 0.187878787878788, 0.0098733589721096, 0.00983021498651351
flux1:, 0.188888888888889, 0.00734881309576674, 0.00731789100301745
flux1:, 0.18989898989899, 0.00542562894150504, 0.00540357598469039
flux1:, 0.190909090909091, 0.00397341321578619, 0.00395776521752506
flux1:, 0.191919191919192, 0.00288640968037934, 0.00287536732973731
flux1:, 0.192929292929294, 0.00207985144991557, 0.00207210692589746
flux1:, 0.193939393939395, 0.00148657231784486, 0.00148117794243687
flux1:, 0.194949494949496, 0.0010539454301367, 0.00105021662206341
flux1:, 0.195959595959597, 7.41186271838827e-4, 7.38630220231992e-4
flux1:, 0.196969696969698, 5.17025832535692e-4, 5.15289554661296e-4
flux1:, 0.197979797979799, 3.5774290602473e-4, 3.56575015258435e-4
flux1:, 0.1989898989899, 2.45528321443096e-4, 2.44751104888733e-4
flux1:, 0.200000000000001, 1.67148163580088e-4, 1.66636880119672e-4

Elapsed run time = 14.9405 s
